Unity Editor version:    2021.2.4f1 (99ba6aa4c552)
Branch:                  2021.2/staging
Build type:              Release
Batch mode:              YES
macOS version:           Version 11.6 (Build 20G165)
Darwin version:          20.6.0
Architecture:            arm64
Running under Rosetta:   NO
Available memory:        16384 MB
Using pre-set license
Pro License: NO

COMMAND LINE ARGUMENTS:
/Applications/Unity/Hub/Editor/2021.2.4f1/Unity.app/Contents/MacOS/Unity
-adb2
-batchMode
-noUpm
-name
AssetImportWorker1
-projectPath
/Users/julianboardman/Documents/GitHub/Metroidvania-James
-logFile
Logs/AssetImportWorker1.log
-srvPort
49747
Successfully changed project path to: /Users/julianboardman/Documents/GitHub/Metroidvania-James
/Users/julianboardman/Documents/GitHub/Metroidvania-James
[UnityMemory] Configuration Parameters - Can be set up in boot.config
    "memorysetup-bucket-allocator-granularity=16"
    "memorysetup-bucket-allocator-bucket-count=8"
    "memorysetup-bucket-allocator-block-size=33554432"
    "memorysetup-bucket-allocator-block-count=8"
    "memorysetup-main-allocator-block-size=16777216"
    "memorysetup-thread-allocator-block-size=16777216"
    "memorysetup-gfx-main-allocator-block-size=16777216"
    "memorysetup-gfx-thread-allocator-block-size=16777216"
    "memorysetup-cache-allocator-block-size=4194304"
    "memorysetup-typetree-allocator-block-size=2097152"
    "memorysetup-profiler-bucket-allocator-granularity=16"
    "memorysetup-profiler-bucket-allocator-bucket-count=8"
    "memorysetup-profiler-bucket-allocator-block-size=33554432"
    "memorysetup-profiler-bucket-allocator-block-count=8"
    "memorysetup-profiler-allocator-block-size=16777216"
    "memorysetup-profiler-editor-allocator-block-size=1048576"
    "memorysetup-temp-allocator-size-main=16777216"
    "memorysetup-job-temp-allocator-block-size=2097152"
    "memorysetup-job-temp-allocator-block-size-background=1048576"
    "memorysetup-job-temp-allocator-reduction-small-platforms=262144"
    "memorysetup-temp-allocator-size-background-worker=32768"
    "memorysetup-temp-allocator-size-job-worker=262144"
    "memorysetup-temp-allocator-size-preload-manager=33554432"
    "memorysetup-temp-allocator-size-nav-mesh-worker=65536"
    "memorysetup-temp-allocator-size-audio-worker=65536"
    "memorysetup-temp-allocator-size-cloud-worker=32768"
    "memorysetup-temp-allocator-size-gi-baking-worker=262144"
    "memorysetup-temp-allocator-size-gfx=262144"
Refreshing native plugins compatible for Editor in 36.56 ms, found 3 plugins.
Preloading 0 native plugins for Editor in 0.00 ms.
Initialize engine version: 2021.2.4f1 (99ba6aa4c552)
[Subsystems] Discovering subsystems at path /Applications/Unity/Hub/Editor/2021.2.4f1/Unity.app/Contents/Resources/UnitySubsystems
[Subsystems] Discovering subsystems at path /Users/julianboardman/Documents/GitHub/Metroidvania-James/Assets
GfxDevice: creating device client; threaded=0; jobified=0
 preferred device: Apple M1 (high power)
Metal devices available: 1
0: Apple M1 (high power)
Using device Apple M1 (high power)
Initializing Metal device caps: Apple M1
Initialize mono
Mono path[0] = '/Applications/Unity/Hub/Editor/2021.2.4f1/Unity.app/Contents/Managed'
Mono path[1] = '/Applications/Unity/Hub/Editor/2021.2.4f1/Unity.app/Contents/MonoBleedingEdge/lib/mono/unityjit-macos'
Mono config path = '/Applications/Unity/Hub/Editor/2021.2.4f1/Unity.app/Contents/MonoBleedingEdge/etc'
Using monoOptions --debugger-agent=transport=dt_socket,embedding=1,server=y,suspend=n,address=127.0.0.1:56251
Begin MonoManager ReloadAssembly
Registering precompiled unity dll's ...
Register platform support module: /Applications/Unity/Hub/Editor/2021.2.4f1/PlaybackEngines/WebGLSupport/UnityEditor.WebGL.Extensions.dll
Register platform support module: /Applications/Unity/Hub/Editor/2021.2.4f1/Unity.app/Contents/PlaybackEngines/MacStandaloneSupport/UnityEditor.OSXStandalone.Extensions.dll
Register platform support module: /Applications/Unity/Hub/Editor/2021.2.4f1/PlaybackEngines/WindowsStandaloneSupport/UnityEditor.WindowsStandalone.Extensions.dll
Registered in 0.001309 seconds.
Native extension for WindowsStandalone target not found
Native extension for OSXStandalone target not found
Native extension for WebGL target not found
Refreshing native plugins compatible for Editor in 37.91 ms, found 3 plugins.
Preloading 0 native plugins for Editor in 0.00 ms.
Mono: successfully reloaded assembly
- Completed reload, in  0.401 seconds
Domain Reload Profiling:
	ReloadAssembly (401ms)
		BeginReloadAssembly (42ms)
			ExecutionOrderSort (0ms)
			DisableScriptedObjects (0ms)
			BackupInstance (0ms)
			ReleaseScriptingObjects (0ms)
			CreateAndSetChildDomain (1ms)
		EndReloadAssembly (302ms)
			LoadAssemblies (44ms)
			RebuildTransferFunctionScriptingTraits (0ms)
			SetupTypeCache (79ms)
			ReleaseScriptCaches (0ms)
			RebuildScriptCaches (21ms)
			SetupLoadedEditorAssemblies (168ms)
				LogAssemblyErrors (0ms)
				InitializePlatformSupportModulesInManaged (8ms)
				SetLoadedEditorAssemblies (0ms)
				RefreshPlugins (38ms)
				BeforeProcessingInitializeOnLoad (1ms)
				ProcessInitializeOnLoadAttributes (91ms)
				ProcessInitializeOnLoadMethodAttributes (29ms)
				AfterProcessingInitializeOnLoad (0ms)
				EditorAssembliesLoaded (0ms)
			ExecutionOrderSort2 (0ms)
			AwakeInstancesAfterBackupRestoration (0ms)
Platform modules already initialized, skipping
Registering precompiled user dll's ...
Registered in 0.002490 seconds.
Begin MonoManager ReloadAssembly
Native extension for WindowsStandalone target not found
Native extension for OSXStandalone target not found
Native extension for WebGL target not found
Refreshing native plugins compatible for Editor in 35.01 ms, found 3 plugins.
Preloading 0 native plugins for Editor in 0.00 ms.
Mono: successfully reloaded assembly
- Completed reload, in  0.936 seconds
Domain Reload Profiling:
	ReloadAssembly (937ms)
		BeginReloadAssembly (112ms)
			ExecutionOrderSort (0ms)
			DisableScriptedObjects (4ms)
			BackupInstance (0ms)
			ReleaseScriptingObjects (0ms)
			CreateAndSetChildDomain (21ms)
		EndReloadAssembly (757ms)
			LoadAssemblies (47ms)
			RebuildTransferFunctionScriptingTraits (0ms)
			SetupTypeCache (146ms)
			ReleaseScriptCaches (0ms)
			RebuildScriptCaches (36ms)
			SetupLoadedEditorAssemblies (442ms)
				LogAssemblyErrors (0ms)
				InitializePlatformSupportModulesInManaged (6ms)
				SetLoadedEditorAssemblies (0ms)
				RefreshPlugins (35ms)
				BeforeProcessingInitializeOnLoad (42ms)
				ProcessInitializeOnLoadAttributes (337ms)
				ProcessInitializeOnLoadMethodAttributes (22ms)
				AfterProcessingInitializeOnLoad (1ms)
				EditorAssembliesLoaded (0ms)
			ExecutionOrderSort2 (0ms)
			AwakeInstancesAfterBackupRestoration (2ms)
Platform modules already initialized, skipping
========================================================================
Worker process is ready to serve import requests
Launching external process: /Applications/Unity/Hub/Editor/2021.2.4f1/Unity.app/Contents/Tools/UnityShaderCompiler
Launched and connected shader compiler UnityShaderCompiler after 0.04 seconds
Refreshing native plugins compatible for Editor in 0.36 ms, found 3 plugins.
Preloading 0 native plugins for Editor in 0.00 ms.
Unloading 2635 Unused Serialized files (Serialized files now loaded: 0)
Unloading 35 unused Assets / (43.6 KB). Loaded Objects now: 3097.
Memory consumption went from 230.5 MB to 230.5 MB.
Total: 2.454708 ms (FindLiveObjects: 0.098000 ms CreateObjectMapping: 0.032375 ms MarkObjects: 2.282250 ms  DeleteObjects: 0.041500 ms)

AssetImportParameters requested are different than current active one (requested -> active):
  custom:video-decoder-ogg-theora: a1e56fd34408186e4bbccfd4996cb3dc -> 
  custom:container-muxer-webm: aa71ff27fc2769a1b78a27578f13a17b -> 
  custom:container-demuxer-webm: 4f35f7cbe854078d1ac9338744f61a02 -> 
  custom:video-encoder-webm-vp8: eb34c28f22e8b96e1ab97ce403110664 -> 
  custom:framework-osx-AVFoundation: e770b220cccbd017edd2c1fefb359320 -> 
  custom:audio-encoder-webm-vorbis: bf7c407c2cedff20999df2af8eb42d56 -> 
  custom:container-demuxer-ogg: 62fdf1f143b41e24485cea50d1cbac27 -> 
  custom:video-decoder-webm-vp8: 9c59270c3fd7afecdb556c50c9e8de78 -> 
  custom:audio-decoder-ogg-vorbis: bf7c407c2cedff20999df2af8eb42d56 -> 
========================================================================
Received Import Request.
  Time since last request: 2156.343258 seconds.
  path: Assets/Prefabs/Enemies/Enemy Walker.prefab
  artifactKey: Guid(02a69502850c54f2daeecc1741c95432) Importer(815301076,1909f56bfc062723c751e8b465ee728b)
Start importing Assets/Prefabs/Enemies/Enemy Walker.prefab using Guid(02a69502850c54f2daeecc1741c95432) Importer(815301076,1909f56bfc062723c751e8b465ee728b) Tried select unknown importer for id '-2' '00000000000000000000000000000000'
 -> (artifact id: 'd1d200451cb24acc6c1df05a3443ae5e') in 0.475395 seconds 
========================================================================
Received Prepare
Registering precompiled user dll's ...
Registered in 0.001234 seconds.
Begin MonoManager ReloadAssembly
Thread 0x28f79b000 may have been prematurely finalized
Native extension for WindowsStandalone target not found
Native extension for OSXStandalone target not found
Native extension for WebGL target not found
Refreshing native plugins compatible for Editor in 0.31 ms, found 3 plugins.
Preloading 0 native plugins for Editor in 0.00 ms.
Mono: successfully reloaded assembly
- Completed reload, in  0.730 seconds
Domain Reload Profiling:
	ReloadAssembly (731ms)
		BeginReloadAssembly (93ms)
			ExecutionOrderSort (0ms)
			DisableScriptedObjects (4ms)
			BackupInstance (0ms)
			ReleaseScriptingObjects (0ms)
			CreateAndSetChildDomain (43ms)
		EndReloadAssembly (576ms)
			LoadAssemblies (34ms)
			RebuildTransferFunctionScriptingTraits (0ms)
			SetupTypeCache (146ms)
			ReleaseScriptCaches (1ms)
			RebuildScriptCaches (30ms)
			SetupLoadedEditorAssemblies (275ms)
				LogAssemblyErrors (0ms)
				InitializePlatformSupportModulesInManaged (6ms)
				SetLoadedEditorAssemblies (0ms)
				RefreshPlugins (0ms)
				BeforeProcessingInitializeOnLoad (32ms)
				ProcessInitializeOnLoadAttributes (217ms)
				ProcessInitializeOnLoadMethodAttributes (18ms)
				AfterProcessingInitializeOnLoad (1ms)
				EditorAssembliesLoaded (0ms)
			ExecutionOrderSort2 (0ms)
			AwakeInstancesAfterBackupRestoration (3ms)
Platform modules already initialized, skipping
Refreshing native plugins compatible for Editor in 0.49 ms, found 3 plugins.
Preloading 0 native plugins for Editor in 0.00 ms.
Unloading 2611 Unused Serialized files (Serialized files now loaded: 0)
Unloading 23 unused Assets / (21.9 KB). Loaded Objects now: 3106.
Memory consumption went from 237.9 MB to 237.9 MB.
Total: 2.735083 ms (FindLiveObjects: 0.104709 ms CreateObjectMapping: 0.033625 ms MarkObjects: 2.583875 ms  DeleteObjects: 0.012167 ms)

AssetImportParameters requested are different than current active one (requested -> active):
  custom:video-decoder-ogg-theora: a1e56fd34408186e4bbccfd4996cb3dc -> 
  custom:container-muxer-webm: aa71ff27fc2769a1b78a27578f13a17b -> 
  custom:container-demuxer-webm: 4f35f7cbe854078d1ac9338744f61a02 -> 
  custom:video-encoder-webm-vp8: eb34c28f22e8b96e1ab97ce403110664 -> 
  custom:framework-osx-AVFoundation: e770b220cccbd017edd2c1fefb359320 -> 
  custom:audio-encoder-webm-vorbis: bf7c407c2cedff20999df2af8eb42d56 -> 
  custom:container-demuxer-ogg: 62fdf1f143b41e24485cea50d1cbac27 -> 
  custom:video-decoder-webm-vp8: 9c59270c3fd7afecdb556c50c9e8de78 -> 
  custom:audio-decoder-ogg-vorbis: bf7c407c2cedff20999df2af8eb42d56 -> 
========================================================================
Received Import Request.
  Time since last request: 1044.458212 seconds.
  path: Assets/_Udemy Metroidvania Assets/Art/Destructible Block.png
  artifactKey: Guid(c955a6fc02d75d84bb5785d11375f384) Importer(815301076,1909f56bfc062723c751e8b465ee728b)
Start importing Assets/_Udemy Metroidvania Assets/Art/Destructible Block.png using Guid(c955a6fc02d75d84bb5785d11375f384) Importer(815301076,1909f56bfc062723c751e8b465ee728b)  -> (artifact id: '1e7072d83bc442d7a805bae4596866ae') in 0.683901 seconds 
========================================================================
Received Import Request.
  Time since last request: 27315.760037 seconds.
  path: Assets/Prefabs/PickUps/Health Pickup.prefab
  artifactKey: Guid(9049acbce8f6f441daf1d7793d970113) Importer(815301076,1909f56bfc062723c751e8b465ee728b)
Start importing Assets/Prefabs/PickUps/Health Pickup.prefab using Guid(9049acbce8f6f441daf1d7793d970113) Importer(815301076,1909f56bfc062723c751e8b465ee728b)  -> (artifact id: '015e44244a812eaa6151a14aad81e9d7') in 0.038543 seconds 
========================================================================
Received Import Request.
  Time since last request: 191.853224 seconds.
  path: Assets/Tiles/Main/tilesets_0.asset
  artifactKey: Guid(d4e732f53dd62448cbe7cf978732f156) Importer(815301076,1909f56bfc062723c751e8b465ee728b)
Start importing Assets/Tiles/Main/tilesets_0.asset using Guid(d4e732f53dd62448cbe7cf978732f156) Importer(815301076,1909f56bfc062723c751e8b465ee728b)  -> (artifact id: '8967dc6a930d45bcd4e086ecc4efe5a9') in 0.178018 seconds 
========================================================================
Received Import Request.
  Time since last request: 0.000043 seconds.
  path: Assets/Tiles/Main/tilesets_3.asset
  artifactKey: Guid(84ec1bee88bd442969f65e225fc5e159) Importer(815301076,1909f56bfc062723c751e8b465ee728b)
Start importing Assets/Tiles/Main/tilesets_3.asset using Guid(84ec1bee88bd442969f65e225fc5e159) Importer(815301076,1909f56bfc062723c751e8b465ee728b)  -> (artifact id: '34f0c491a8194ec66d31617f3ae4138a') in 0.003152 seconds 
========================================================================
Received Import Request.
  Time since last request: 0.000032 seconds.
  path: Assets/Tiles/Main/tilesets_13.asset
  artifactKey: Guid(9e2e42bf378454533a3d309a42470691) Importer(815301076,1909f56bfc062723c751e8b465ee728b)
Start importing Assets/Tiles/Main/tilesets_13.asset using Guid(9e2e42bf378454533a3d309a42470691) Importer(815301076,1909f56bfc062723c751e8b465ee728b)  -> (artifact id: '5b99e55d6879df6c484a31586014b28a') in 0.003211 seconds 
========================================================================
Received Import Request.
  Time since last request: 0.000033 seconds.
  path: Assets/Tiles/Main/tilesets_2.asset
  artifactKey: Guid(0c18b8f5cf9654e0fa36dda815152deb) Importer(815301076,1909f56bfc062723c751e8b465ee728b)
Start importing Assets/Tiles/Main/tilesets_2.asset using Guid(0c18b8f5cf9654e0fa36dda815152deb) Importer(815301076,1909f56bfc062723c751e8b465ee728b)  -> (artifact id: 'e12e02cc272913cad7c3db1e4963ca37') in 0.004010 seconds 
========================================================================
Received Import Request.
  Time since last request: 0.000047 seconds.
  path: Assets/Tiles/Main/tilesets_19.asset
  artifactKey: Guid(9e9c76cfd52f84144b22ed8a8ab25ba6) Importer(815301076,1909f56bfc062723c751e8b465ee728b)
Start importing Assets/Tiles/Main/tilesets_19.asset using Guid(9e9c76cfd52f84144b22ed8a8ab25ba6) Importer(815301076,1909f56bfc062723c751e8b465ee728b)  -> (artifact id: '627331f7f1c8df199bf42f185190854d') in 0.003215 seconds 
========================================================================
Received Import Request.
  Time since last request: 0.000031 seconds.
  path: Assets/Tiles/Main/tilesets_27.asset
  artifactKey: Guid(bdebbf58d45c640eda5a9e4a05b234d8) Importer(815301076,1909f56bfc062723c751e8b465ee728b)
Start importing Assets/Tiles/Main/tilesets_27.asset using Guid(bdebbf58d45c640eda5a9e4a05b234d8) Importer(815301076,1909f56bfc062723c751e8b465ee728b)  -> (artifact id: '9a05ef51a04e7e7ef68a7ff0ca152bca') in 0.003627 seconds 
========================================================================
Received Import Request.
  Time since last request: 0.000050 seconds.
  path: Assets/Tiles/Main/tilesets_24.asset
  artifactKey: Guid(a86bcd643e9dc4f4ba6b1510540dd527) Importer(815301076,1909f56bfc062723c751e8b465ee728b)
Start importing Assets/Tiles/Main/tilesets_24.asset using Guid(a86bcd643e9dc4f4ba6b1510540dd527) Importer(815301076,1909f56bfc062723c751e8b465ee728b)  -> (artifact id: 'c137bfac5ddd6bf048954fbf0b5c9af2') in 0.002870 seconds 
========================================================================
Received Import Request.
  Time since last request: 2.997084 seconds.
  path: Assets/Tiles/Main/tilesets_33.asset
  artifactKey: Guid(4ff9a8767bd4542bf85a43c0c363ffdb) Importer(815301076,1909f56bfc062723c751e8b465ee728b)
Start importing Assets/Tiles/Main/tilesets_33.asset using Guid(4ff9a8767bd4542bf85a43c0c363ffdb) Importer(815301076,1909f56bfc062723c751e8b465ee728b)  -> (artifact id: 'e15ca941d36af4d09892dea5f64b5ebf') in 0.007461 seconds 
========================================================================
Received Import Request.
  Time since last request: 0.000049 seconds.
  path: Assets/Tiles/Main/tilesets_35.asset
  artifactKey: Guid(97077fff7c754456c9f877940a722ef8) Importer(815301076,1909f56bfc062723c751e8b465ee728b)
Start importing Assets/Tiles/Main/tilesets_35.asset using Guid(97077fff7c754456c9f877940a722ef8) Importer(815301076,1909f56bfc062723c751e8b465ee728b)  -> (artifact id: 'ed0dca54c951ba073383062cf7ed17cf') in 0.005124 seconds 
========================================================================
Received Import Request.
  Time since last request: 0.088822 seconds.
  path: Assets/Tiles/Main/tilesets_37.asset
  artifactKey: Guid(ac6074ddf7a7349058629254061dc3aa) Importer(815301076,1909f56bfc062723c751e8b465ee728b)
Start importing Assets/Tiles/Main/tilesets_37.asset using Guid(ac6074ddf7a7349058629254061dc3aa) Importer(815301076,1909f56bfc062723c751e8b465ee728b)  -> (artifact id: '11759843b34d054811e2aaeb8d629f47') in 0.005370 seconds 
========================================================================
Received Import Request.
  Time since last request: 0.000073 seconds.
  path: Assets/Tiles/Main/tilesets_46.asset
  artifactKey: Guid(dae658cb741624119befbcd615efa48c) Importer(815301076,1909f56bfc062723c751e8b465ee728b)
Start importing Assets/Tiles/Main/tilesets_46.asset using Guid(dae658cb741624119befbcd615efa48c) Importer(815301076,1909f56bfc062723c751e8b465ee728b)  -> (artifact id: '6ef1db802fe1e8b557bf69feba6fa0ee') in 0.004839 seconds 
========================================================================
Received Import Request.
  Time since last request: 0.000057 seconds.
  path: Assets/Tiles/Main/tilesets_38.asset
  artifactKey: Guid(c35e50a2d23324770b494216aeb67d57) Importer(815301076,1909f56bfc062723c751e8b465ee728b)
Start importing Assets/Tiles/Main/tilesets_38.asset using Guid(c35e50a2d23324770b494216aeb67d57) Importer(815301076,1909f56bfc062723c751e8b465ee728b)  -> (artifact id: '56875b3d768017f333e59ce0670bde43') in 0.004683 seconds 
========================================================================
Received Import Request.
  Time since last request: 0.000036 seconds.
  path: Assets/Tiles/Main/tilesets_40.asset
  artifactKey: Guid(fe63a92aaaa4a4f23954ad6667a53fdb) Importer(815301076,1909f56bfc062723c751e8b465ee728b)
Start importing Assets/Tiles/Main/tilesets_40.asset using Guid(fe63a92aaaa4a4f23954ad6667a53fdb) Importer(815301076,1909f56bfc062723c751e8b465ee728b)  -> (artifact id: '47c36fa7e6b9f3b3cdbe751ed7687091') in 0.004063 seconds 
========================================================================
Received Import Request.
  Time since last request: 0.000042 seconds.
  path: Assets/Tiles/Main/tilesets_43.asset
  artifactKey: Guid(b05d4376dba3f4bbd8f5053ddd42a871) Importer(815301076,1909f56bfc062723c751e8b465ee728b)
Start importing Assets/Tiles/Main/tilesets_43.asset using Guid(b05d4376dba3f4bbd8f5053ddd42a871) Importer(815301076,1909f56bfc062723c751e8b465ee728b)  -> (artifact id: '7fcb1f3ea115ebf756a0725903b73613') in 0.004164 seconds 
========================================================================
Received Import Request.
  Time since last request: 0.000051 seconds.
  path: Assets/Tiles/Main/tilesets_47.asset
  artifactKey: Guid(14fd410a55a7c455f9abc1dd2d1b7b95) Importer(815301076,1909f56bfc062723c751e8b465ee728b)
Start importing Assets/Tiles/Main/tilesets_47.asset using Guid(14fd410a55a7c455f9abc1dd2d1b7b95) Importer(815301076,1909f56bfc062723c751e8b465ee728b)  -> (artifact id: '65e73b89ee34982c27ee721236870702') in 0.004837 seconds 
========================================================================
Received Import Request.
  Time since last request: 6.501536 seconds.
  path: Assets/Tiles/Main/tilesets_49.asset
  artifactKey: Guid(c6f87fa4fe45f4d3ab02e9c46db30abf) Importer(815301076,1909f56bfc062723c751e8b465ee728b)
Start importing Assets/Tiles/Main/tilesets_49.asset using Guid(c6f87fa4fe45f4d3ab02e9c46db30abf) Importer(815301076,1909f56bfc062723c751e8b465ee728b)  -> (artifact id: 'da0504e06f40419bb8eb07053b387f98') in 0.006844 seconds 
========================================================================
Received Import Request.
  Time since last request: 0.000057 seconds.
  path: Assets/Tiles/Main/tilesets_50.asset
  artifactKey: Guid(3e162ca01122a4645bc4d9a1c83fea18) Importer(815301076,1909f56bfc062723c751e8b465ee728b)
Start importing Assets/Tiles/Main/tilesets_50.asset using Guid(3e162ca01122a4645bc4d9a1c83fea18) Importer(815301076,1909f56bfc062723c751e8b465ee728b)  -> (artifact id: 'abc4278048e6b6ea3007e0148b9d5a1f') in 0.005379 seconds 
========================================================================
Received Import Request.
  Time since last request: 0.002332 seconds.
  path: Assets/Tiles/Main/tilesets_53.asset
  artifactKey: Guid(74bf29a26733c4205be27b4e24a9e91c) Importer(815301076,1909f56bfc062723c751e8b465ee728b)
Start importing Assets/Tiles/Main/tilesets_53.asset using Guid(74bf29a26733c4205be27b4e24a9e91c) Importer(815301076,1909f56bfc062723c751e8b465ee728b)  -> (artifact id: 'c6e710a95b68560395e39c14b18333a1') in 0.004674 seconds 
========================================================================
Received Import Request.
  Time since last request: 0.000053 seconds.
  path: Assets/Tiles/Main/tilesets_55.asset
  artifactKey: Guid(ce4cefe4f786a48948d33b2c8fe725c8) Importer(815301076,1909f56bfc062723c751e8b465ee728b)
Start importing Assets/Tiles/Main/tilesets_55.asset using Guid(ce4cefe4f786a48948d33b2c8fe725c8) Importer(815301076,1909f56bfc062723c751e8b465ee728b)  -> (artifact id: 'e2fbb2d5e6f6306a2a60ef05207d9c18') in 0.004679 seconds 
========================================================================
Received Import Request.
  Time since last request: 0.000759 seconds.
  path: Assets/Tiles/Main/tilesets_57.asset
  artifactKey: Guid(2bae427cc734a4a119ea9d17b3571925) Importer(815301076,1909f56bfc062723c751e8b465ee728b)
Start importing Assets/Tiles/Main/tilesets_57.asset using Guid(2bae427cc734a4a119ea9d17b3571925) Importer(815301076,1909f56bfc062723c751e8b465ee728b)  -> (artifact id: '51fdf85c0795f0122e887d5b37ebde42') in 0.004284 seconds 
========================================================================
Received Import Request.
  Time since last request: 0.000055 seconds.
  path: Assets/Tiles/Main/tilesets_58.asset
  artifactKey: Guid(f6b70076e11884179ba3cd1107ef7311) Importer(815301076,1909f56bfc062723c751e8b465ee728b)
Start importing Assets/Tiles/Main/tilesets_58.asset using Guid(f6b70076e11884179ba3cd1107ef7311) Importer(815301076,1909f56bfc062723c751e8b465ee728b)  -> (artifact id: '40d2f07a8f42d6df27372a0523f84d41') in 0.004660 seconds 
========================================================================
Received Import Request.
  Time since last request: 0.002061 seconds.
  path: Assets/Tiles/Main/tilesets_61.asset
  artifactKey: Guid(4f1190db900e74bdc9f9f0cc68b915a0) Importer(815301076,1909f56bfc062723c751e8b465ee728b)
Start importing Assets/Tiles/Main/tilesets_61.asset using Guid(4f1190db900e74bdc9f9f0cc68b915a0) Importer(815301076,1909f56bfc062723c751e8b465ee728b)  -> (artifact id: '65b8add6c8f33826e636bfa8112fe5e9') in 0.003617 seconds 
========================================================================
Received Import Request.
  Time since last request: 0.000040 seconds.
  path: Assets/Tiles/Main/tilesets_63.asset
  artifactKey: Guid(ae2da2924ecdd4182ba739500c99d0d5) Importer(815301076,1909f56bfc062723c751e8b465ee728b)
Start importing Assets/Tiles/Main/tilesets_63.asset using Guid(ae2da2924ecdd4182ba739500c99d0d5) Importer(815301076,1909f56bfc062723c751e8b465ee728b)  -> (artifact id: 'c776eee33c2bcb4decdcc211f6f2f267') in 0.003795 seconds 
========================================================================
Received Import Request.
  Time since last request: 0.294521 seconds.
  path: Assets/Tiles/Main/tilesets_65.asset
  artifactKey: Guid(0a1717637353c47f59d4b4d396d132fc) Importer(815301076,1909f56bfc062723c751e8b465ee728b)
Start importing Assets/Tiles/Main/tilesets_65.asset using Guid(0a1717637353c47f59d4b4d396d132fc) Importer(815301076,1909f56bfc062723c751e8b465ee728b)  -> (artifact id: 'b80faa107036cf46ab9ffd49ea438370') in 0.005375 seconds 
========================================================================
Received Import Request.
  Time since last request: 0.000057 seconds.
  path: Assets/Tiles/Main/tilesets_67.asset
  artifactKey: Guid(6d3e00e883b034f2daf8cf6e8ae6a449) Importer(815301076,1909f56bfc062723c751e8b465ee728b)
Start importing Assets/Tiles/Main/tilesets_67.asset using Guid(6d3e00e883b034f2daf8cf6e8ae6a449) Importer(815301076,1909f56bfc062723c751e8b465ee728b)  -> (artifact id: '0131e4c13756f5e6e1b7ee22aaed787e') in 0.004211 seconds 
========================================================================
Received Import Request.
  Time since last request: 0.000044 seconds.
  path: Assets/Tiles/Main/tilesets_71.asset
  artifactKey: Guid(ea4afdce498f04a79aaaa603091a1ff0) Importer(815301076,1909f56bfc062723c751e8b465ee728b)
Start importing Assets/Tiles/Main/tilesets_71.asset using Guid(ea4afdce498f04a79aaaa603091a1ff0) Importer(815301076,1909f56bfc062723c751e8b465ee728b)  -> (artifact id: '5796896a13ca3e684135cca72e0dfdb8') in 0.004778 seconds 
========================================================================
Received Import Request.
  Time since last request: 0.000059 seconds.
  path: Assets/Tiles/Main/tilesets_68.asset
  artifactKey: Guid(e4703b72749cd4a01844158acf515421) Importer(815301076,1909f56bfc062723c751e8b465ee728b)
Start importing Assets/Tiles/Main/tilesets_68.asset using Guid(e4703b72749cd4a01844158acf515421) Importer(815301076,1909f56bfc062723c751e8b465ee728b)  -> (artifact id: 'ee43f28a88a0dd376d959408f9c2a3d9') in 0.004964 seconds 
========================================================================
Received Import Request.
  Time since last request: 0.000042 seconds.
  path: Assets/Tiles/Main/tilesets_72.asset
  artifactKey: Guid(f564d6750952d4435abf0a9f1780693d) Importer(815301076,1909f56bfc062723c751e8b465ee728b)
Start importing Assets/Tiles/Main/tilesets_72.asset using Guid(f564d6750952d4435abf0a9f1780693d) Importer(815301076,1909f56bfc062723c751e8b465ee728b)  -> (artifact id: '0dd770a039c539ab88c4f048504b372a') in 0.005869 seconds 
========================================================================
Received Import Request.
  Time since last request: 0.000044 seconds.
  path: Assets/Tiles/Main/tilesets_75.asset
  artifactKey: Guid(e416b52facbb742fa90466aec962f2c5) Importer(815301076,1909f56bfc062723c751e8b465ee728b)
Start importing Assets/Tiles/Main/tilesets_75.asset using Guid(e416b52facbb742fa90466aec962f2c5) Importer(815301076,1909f56bfc062723c751e8b465ee728b)  -> (artifact id: '7e223f0c0971983425a729912aed2452') in 0.004187 seconds 
========================================================================
Received Import Request.
  Time since last request: 0.112494 seconds.
  path: Assets/Tiles/Main/tilesets_77.asset
  artifactKey: Guid(e59fd6184afa74192bbcc4569194a7c2) Importer(815301076,1909f56bfc062723c751e8b465ee728b)
Start importing Assets/Tiles/Main/tilesets_77.asset using Guid(e59fd6184afa74192bbcc4569194a7c2) Importer(815301076,1909f56bfc062723c751e8b465ee728b)  -> (artifact id: '88e9761171f5d8863131fc46fe7fb783') in 0.005153 seconds 
========================================================================
Received Import Request.
  Time since last request: 0.000043 seconds.
  path: Assets/Tiles/Main/tilesets_85.asset
  artifactKey: Guid(cc3089cf4f59b45cf994a25e11772eba) Importer(815301076,1909f56bfc062723c751e8b465ee728b)
Start importing Assets/Tiles/Main/tilesets_85.asset using Guid(cc3089cf4f59b45cf994a25e11772eba) Importer(815301076,1909f56bfc062723c751e8b465ee728b)  -> (artifact id: '6bbfa851b44838f95d3e60af968f54e4') in 0.005022 seconds 
========================================================================
Received Import Request.
  Time since last request: 0.000047 seconds.
  path: Assets/Tiles/Main/tilesets_86.asset
  artifactKey: Guid(8469c74e98eb941fb9983edb5a3bc11f) Importer(815301076,1909f56bfc062723c751e8b465ee728b)
Start importing Assets/Tiles/Main/tilesets_86.asset using Guid(8469c74e98eb941fb9983edb5a3bc11f) Importer(815301076,1909f56bfc062723c751e8b465ee728b)  -> (artifact id: '702e78572158174e13ab156b38870d51') in 0.004420 seconds 
========================================================================
Received Import Request.
  Time since last request: 0.000053 seconds.
  path: Assets/Tiles/Main/tilesets_78.asset
  artifactKey: Guid(9e21d27231fc848f79cfaba64693a5b9) Importer(815301076,1909f56bfc062723c751e8b465ee728b)
Start importing Assets/Tiles/Main/tilesets_78.asset using Guid(9e21d27231fc848f79cfaba64693a5b9) Importer(815301076,1909f56bfc062723c751e8b465ee728b)  -> (artifact id: '159375f77255f4f707866eee2b4c605f') in 0.004117 seconds 
========================================================================
Received Import Request.
  Time since last request: 0.000044 seconds.
  path: Assets/Tiles/Main/tilesets_87.asset
  artifactKey: Guid(3a2d8be57f10e4c78a455399f5efbdf7) Importer(815301076,1909f56bfc062723c751e8b465ee728b)
Start importing Assets/Tiles/Main/tilesets_87.asset using Guid(3a2d8be57f10e4c78a455399f5efbdf7) Importer(815301076,1909f56bfc062723c751e8b465ee728b)  -> (artifact id: '80eb44eae0ae77a698f3d13781052698') in 0.003969 seconds 
========================================================================
Received Import Request.
  Time since last request: 0.000051 seconds.
  path: Assets/Tiles/Main/tilesets_83.asset
  artifactKey: Guid(6f08d08a4813f4bc6b50f44324472491) Importer(815301076,1909f56bfc062723c751e8b465ee728b)
Start importing Assets/Tiles/Main/tilesets_83.asset using Guid(6f08d08a4813f4bc6b50f44324472491) Importer(815301076,1909f56bfc062723c751e8b465ee728b)  -> (artifact id: '7a69fe73f5330c2abf0bc348ef6dabc4') in 0.003843 seconds 
========================================================================
Received Import Request.
  Time since last request: 0.000042 seconds.
  path: Assets/Tiles/Main/tilesets_90.asset
  artifactKey: Guid(05974666289fa4e78a7d8a49647f591d) Importer(815301076,1909f56bfc062723c751e8b465ee728b)
Start importing Assets/Tiles/Main/tilesets_90.asset using Guid(05974666289fa4e78a7d8a49647f591d) Importer(815301076,1909f56bfc062723c751e8b465ee728b)  -> (artifact id: 'af4dbba1345d138f8a3a17d95a8a36f4') in 0.003438 seconds 
========================================================================
Received Import Request.
  Time since last request: 0.000036 seconds.
  path: Assets/Tiles/Main/tilesets_80.asset
  artifactKey: Guid(eb7396bf39d044193916701344ea2960) Importer(815301076,1909f56bfc062723c751e8b465ee728b)
Start importing Assets/Tiles/Main/tilesets_80.asset using Guid(eb7396bf39d044193916701344ea2960) Importer(815301076,1909f56bfc062723c751e8b465ee728b)  -> (artifact id: 'cd121bba1047db937040b45404f75632') in 0.003407 seconds 
========================================================================
Received Import Request.
  Time since last request: 0.185409 seconds.
  path: Assets/Tiles/Main/tilesets_93.asset
  artifactKey: Guid(279a091a997bc4de2bdaa8120a851937) Importer(815301076,1909f56bfc062723c751e8b465ee728b)
Start importing Assets/Tiles/Main/tilesets_93.asset using Guid(279a091a997bc4de2bdaa8120a851937) Importer(815301076,1909f56bfc062723c751e8b465ee728b)  -> (artifact id: '51f3451106ee8c7744256e471eb39290') in 0.003796 seconds 
========================================================================
Received Import Request.
  Time since last request: 0.000040 seconds.
  path: Assets/Tiles/Main/tilesets_94.asset
  artifactKey: Guid(bee3281c13aec4e6194e5bf1a0729928) Importer(815301076,1909f56bfc062723c751e8b465ee728b)
Start importing Assets/Tiles/Main/tilesets_94.asset using Guid(bee3281c13aec4e6194e5bf1a0729928) Importer(815301076,1909f56bfc062723c751e8b465ee728b)  -> (artifact id: '3ef1a70de319d286106ff703d74e8d07') in 0.003870 seconds 
========================================================================
Received Import Request.
  Time since last request: 0.141489 seconds.
  path: Assets/Tiles/Main/tilesets_97.asset
  artifactKey: Guid(c0849c4e766ea4ed18523aa940df953a) Importer(815301076,1909f56bfc062723c751e8b465ee728b)
Start importing Assets/Tiles/Main/tilesets_97.asset using Guid(c0849c4e766ea4ed18523aa940df953a) Importer(815301076,1909f56bfc062723c751e8b465ee728b)  -> (artifact id: '47de62d9b66fd5ef488dce9dbfb760c3') in 0.003567 seconds 
========================================================================
Received Import Request.
  Time since last request: 0.000042 seconds.
  path: Assets/Tiles/Main/tilesets_99.asset
  artifactKey: Guid(b2e2d896987ca4165954a781f6b8ffae) Importer(815301076,1909f56bfc062723c751e8b465ee728b)
Start importing Assets/Tiles/Main/tilesets_99.asset using Guid(b2e2d896987ca4165954a781f6b8ffae) Importer(815301076,1909f56bfc062723c751e8b465ee728b)  -> (artifact id: 'f05a91a8bd00eec8cbdc70491c34c7f5') in 0.003844 seconds 
========================================================================
Received Import Request.
  Time since last request: 0.000034 seconds.
  path: Assets/Tiles/Main/tilesets_102.asset
  artifactKey: Guid(f3e467e9808834018b1083909ff7f44e) Importer(815301076,1909f56bfc062723c751e8b465ee728b)
Start importing Assets/Tiles/Main/tilesets_102.asset using Guid(f3e467e9808834018b1083909ff7f44e) Importer(815301076,1909f56bfc062723c751e8b465ee728b)  -> (artifact id: 'ddb9bcdb2f7be19dd5609087fa8140e4') in 0.003524 seconds 
========================================================================
Received Import Request.
  Time since last request: 0.000038 seconds.
  path: Assets/Tiles/Main/tilesets_98.asset
  artifactKey: Guid(c988e16b9b710462da66fca06e5321ca) Importer(815301076,1909f56bfc062723c751e8b465ee728b)
Start importing Assets/Tiles/Main/tilesets_98.asset using Guid(c988e16b9b710462da66fca06e5321ca) Importer(815301076,1909f56bfc062723c751e8b465ee728b)  -> (artifact id: '36d369f94a5330754094eb1744888591') in 0.003166 seconds 
========================================================================
Received Import Request.
  Time since last request: 25.258633 seconds.
  path: Assets/_Udemy Metroidvania Assets/Art/Ansimuz/Warped/environment/props/gate-02.png
  artifactKey: Guid(2207b3da58d400245867b2cdd4ef0ef3) Importer(815301076,1909f56bfc062723c751e8b465ee728b)
Start importing Assets/_Udemy Metroidvania Assets/Art/Ansimuz/Warped/environment/props/gate-02.png using Guid(2207b3da58d400245867b2cdd4ef0ef3) Importer(815301076,1909f56bfc062723c751e8b465ee728b)  -> (artifact id: 'c0817849d6e002a232a498570225d965') in 0.014094 seconds 
========================================================================
Received Import Request.
  Time since last request: 0.000105 seconds.
  path: Assets/_Udemy Metroidvania Assets/Art/Ansimuz/Warped/environment/props/gate-03.png
  artifactKey: Guid(d097c58beffc45142a8ca1637e521559) Importer(815301076,1909f56bfc062723c751e8b465ee728b)
Start importing Assets/_Udemy Metroidvania Assets/Art/Ansimuz/Warped/environment/props/gate-03.png using Guid(d097c58beffc45142a8ca1637e521559) Importer(815301076,1909f56bfc062723c751e8b465ee728b)  -> (artifact id: '78629218efb7c36bbb7692b72aa5922f') in 0.008872 seconds 
========================================================================
Received Import Request.
  Time since last request: 0.000049 seconds.
  path: Assets/_Udemy Metroidvania Assets/Art/Ansimuz/Warped/environment/props/plant-small.png
  artifactKey: Guid(775fcba6f707d174a9bddca546ac26d0) Importer(815301076,1909f56bfc062723c751e8b465ee728b)
Start importing Assets/_Udemy Metroidvania Assets/Art/Ansimuz/Warped/environment/props/plant-small.png using Guid(775fcba6f707d174a9bddca546ac26d0) Importer(815301076,1909f56bfc062723c751e8b465ee728b)  -> (artifact id: '8dcf6fa1570811a05e45f98a3e54fe70') in 0.007955 seconds 
========================================================================
Received Import Request.
  Time since last request: 0.000045 seconds.
  path: Assets/_Udemy Metroidvania Assets/Art/Ansimuz/Warped/environment/props/plant-big.png
  artifactKey: Guid(53eed5b382ea9294a85a61fd808b108f) Importer(815301076,1909f56bfc062723c751e8b465ee728b)
Start importing Assets/_Udemy Metroidvania Assets/Art/Ansimuz/Warped/environment/props/plant-big.png using Guid(53eed5b382ea9294a85a61fd808b108f) Importer(815301076,1909f56bfc062723c751e8b465ee728b)  -> (artifact id: '5f426b4c27419e0d02240ca2ebb012da') in 0.008345 seconds 
========================================================================
Received Import Request.
  Time since last request: 1.080413 seconds.
  path: Assets/_Udemy Metroidvania Assets/Art/Ansimuz/Warped/environment/layers/middleground-no-fungus.png
  artifactKey: Guid(b79ba568424ed214eaf2a73172186748) Importer(815301076,1909f56bfc062723c751e8b465ee728b)
Start importing Assets/_Udemy Metroidvania Assets/Art/Ansimuz/Warped/environment/layers/middleground-no-fungus.png using Guid(b79ba568424ed214eaf2a73172186748) Importer(815301076,1909f56bfc062723c751e8b465ee728b)  -> (artifact id: '2598b0ed6eaecf234c9db29efda3e190') in 0.016709 seconds 
========================================================================
Received Import Request.
  Time since last request: 0.000058 seconds.
  path: Assets/_Udemy Metroidvania Assets/Art/Ansimuz/Warped/environment/layers/walls.png
  artifactKey: Guid(f4d8d7395af26594298c3ecadcbcca17) Importer(815301076,1909f56bfc062723c751e8b465ee728b)
Start importing Assets/_Udemy Metroidvania Assets/Art/Ansimuz/Warped/environment/layers/walls.png using Guid(f4d8d7395af26594298c3ecadcbcca17) Importer(815301076,1909f56bfc062723c751e8b465ee728b)  -> (artifact id: '6db458fb6884b40a253edfcd44fc420b') in 0.062280 seconds 
========================================================================
Received Import Request.
  Time since last request: 0.000054 seconds.
  path: Assets/_Udemy Metroidvania Assets/Art/Ansimuz/Warped/environment/layers/middleground.png
  artifactKey: Guid(c7ecf56d232314e42ba2cbe066ebcd80) Importer(815301076,1909f56bfc062723c751e8b465ee728b)
Start importing Assets/_Udemy Metroidvania Assets/Art/Ansimuz/Warped/environment/layers/middleground.png using Guid(c7ecf56d232314e42ba2cbe066ebcd80) Importer(815301076,1909f56bfc062723c751e8b465ee728b)  -> (artifact id: '2d4cfff01d0d6f196b965e0f33371283') in 0.009428 seconds 
========================================================================
Received Prepare
Registering precompiled user dll's ...
Registered in 0.001225 seconds.
Begin MonoManager ReloadAssembly
Thread 0x17d66f000 may have been prematurely finalized
Native extension for WindowsStandalone target not found
Native extension for OSXStandalone target not found
Native extension for WebGL target not found
Refreshing native plugins compatible for Editor in 0.35 ms, found 3 plugins.
Preloading 0 native plugins for Editor in 0.00 ms.
Mono: successfully reloaded assembly
- Completed reload, in  0.810 seconds
Domain Reload Profiling:
	ReloadAssembly (810ms)
		BeginReloadAssembly (123ms)
			ExecutionOrderSort (0ms)
			DisableScriptedObjects (6ms)
			BackupInstance (0ms)
			ReleaseScriptingObjects (0ms)
			CreateAndSetChildDomain (56ms)
		EndReloadAssembly (623ms)
			LoadAssemblies (54ms)
			RebuildTransferFunctionScriptingTraits (0ms)
			SetupTypeCache (155ms)
			ReleaseScriptCaches (1ms)
			RebuildScriptCaches (32ms)
			SetupLoadedEditorAssemblies (292ms)
				LogAssemblyErrors (0ms)
				InitializePlatformSupportModulesInManaged (6ms)
				SetLoadedEditorAssemblies (0ms)
				RefreshPlugins (0ms)
				BeforeProcessingInitializeOnLoad (33ms)
				ProcessInitializeOnLoadAttributes (232ms)
				ProcessInitializeOnLoadMethodAttributes (19ms)
				AfterProcessingInitializeOnLoad (1ms)
				EditorAssembliesLoaded (0ms)
			ExecutionOrderSort2 (0ms)
			AwakeInstancesAfterBackupRestoration (7ms)
Platform modules already initialized, skipping
Refreshing native plugins compatible for Editor in 0.35 ms, found 3 plugins.
Preloading 0 native plugins for Editor in 0.00 ms.
Unloading 2619 Unused Serialized files (Serialized files now loaded: 0)
Unloading 23 unused Assets / (22.6 KB). Loaded Objects now: 3242.
Memory consumption went from 251.4 MB to 251.4 MB.
Total: 2.693875 ms (FindLiveObjects: 0.126959 ms CreateObjectMapping: 0.038583 ms MarkObjects: 2.514208 ms  DeleteObjects: 0.012708 ms)

AssetImportParameters requested are different than current active one (requested -> active):
  custom:video-decoder-ogg-theora: a1e56fd34408186e4bbccfd4996cb3dc -> 
  custom:container-muxer-webm: aa71ff27fc2769a1b78a27578f13a17b -> 
  custom:container-demuxer-webm: 4f35f7cbe854078d1ac9338744f61a02 -> 
  custom:video-encoder-webm-vp8: eb34c28f22e8b96e1ab97ce403110664 -> 
  custom:framework-osx-AVFoundation: e770b220cccbd017edd2c1fefb359320 -> 
  custom:audio-encoder-webm-vorbis: bf7c407c2cedff20999df2af8eb42d56 -> 
  custom:container-demuxer-ogg: 62fdf1f143b41e24485cea50d1cbac27 -> 
  custom:video-decoder-webm-vp8: 9c59270c3fd7afecdb556c50c9e8de78 -> 
  custom:audio-decoder-ogg-vorbis: bf7c407c2cedff20999df2af8eb42d56 -> 
